<?xml version="1.0" encoding="utf-8" standalone="no"?>
<!--This file represents the results of running a test suite-->
<test-results name="C:\Users\tpastor\Desktop\art\artemis_CSharp\ArtemisTest\bin\Release\ArtemisTest.dll" total="1" errors="0" failures="0" not-run="0" inconclusive="0" ignored="0" skipped="0" invalid="0" date="2011-05-19" time="17:45:17">
  <environment nunit-version="2.5.10.11092" clr-version="2.0.50727.4959" os-version="Microsoft Windows NT 6.1.7600.0" platform="Win32NT" cwd="C:\Users\tpastor\Desktop\ppppppppp\NUnit-2.5.10.11092\bin\net-2.0" machine-name="THIAGOPASTOR-PC" user="tpastor" user-domain="ThiagoPastor-PC" />
  <culture-info current-culture="pt-BR" current-uiculture="pt-BR" />
  <test-suite type="Assembly" name="C:\Users\tpastor\Desktop\art\artemis_CSharp\ArtemisTest\bin\Release\ArtemisTest.dll" executed="True" result="Success" success="True" time="0.050" asserts="0">
    <results>
      <test-suite type="Namespace" name="ArtemisTest" executed="True" result="Success" success="True" time="0.044" asserts="0">
        <results>
          <test-suite type="TestFixture" name="Test" executed="True" result="Success" success="True" time="0.042" asserts="0">
            <results>
              <test-case name="ArtemisTest.Test.TestCase" executed="True" result="Success" success="True" time="0.031" asserts="11" />
            </results>
          </test-suite>
        </results>
      </test-suite>
    </results>
  </test-suite>
</test-results>